{"D:\\Development\\Frontend Development\\Turorial\\mobx-tutorial\\src\\main.tsx": {"path":"D:\\Development\\Frontend Development\\Turorial\\mobx-tutorial\\src\\main.tsx","statementMap":{"0":{"start":{"line":9,"column":14},"end":{"line":9,"column":29}},"1":{"start":{"line":11,"column":0},"end":{"line":17,"column":2}}},"fnMap":{},"branchMap":{},"s":{"0":0,"1":0},"f":{},"b":{}}
,"D:\\Development\\Frontend Development\\Turorial\\mobx-tutorial\\src\\App\\App.tsx": {"path":"D:\\Development\\Frontend Development\\Turorial\\mobx-tutorial\\src\\App\\App.tsx","statementMap":{"0":{"start":{"line":7,"column":2},"end":{"line":14,"column":4}}},"fnMap":{"0":{"name":"App","decl":{"start":{"line":6,"column":9},"end":{"line":6,"column":12}},"loc":{"start":{"line":6,"column":15},"end":{"line":15,"column":1}},"line":6}},"branchMap":{},"s":{"0":0},"f":{"0":0},"b":{}}
,"D:\\Development\\Frontend Development\\Turorial\\mobx-tutorial\\src\\hooks\\useFilterHandle.tsx": {"path":"D:\\Development\\Frontend Development\\Turorial\\mobx-tutorial\\src\\hooks\\useFilterHandle.tsx","statementMap":{"0":{"start":{"line":4,"column":32},"end":{"line":4,"column":56}},"1":{"start":{"line":5,"column":19},"end":{"line":20,"column":8}},"2":{"start":{"line":6,"column":4},"end":{"line":19,"column":5}},"3":{"start":{"line":12,"column":6},"end":{"line":12,"column":69}},"4":{"start":{"line":12,"column":34},"end":{"line":12,"column":66}},"5":{"start":{"line":14,"column":6},"end":{"line":18,"column":10}},"6":{"start":{"line":14,"column":34},"end":{"line":18,"column":7}},"7":{"start":{"line":22,"column":2},"end":{"line":24,"column":8}},"8":{"start":{"line":23,"column":4},"end":{"line":23,"column":26}},"9":{"start":{"line":26,"column":2},"end":{"line":26,"column":41}}},"fnMap":{"0":{"name":"useFilterHandle","decl":{"start":{"line":3,"column":16},"end":{"line":3,"column":31}},"loc":{"start":{"line":3,"column":73},"end":{"line":27,"column":1}},"line":3},"1":{"name":"(anonymous_1)","decl":{"start":{"line":5,"column":31},"end":{"line":5,"column":32}},"loc":{"start":{"line":5,"column":64},"end":{"line":20,"column":3}},"line":5},"2":{"name":"(anonymous_2)","decl":{"start":{"line":12,"column":17},"end":{"line":12,"column":18}},"loc":{"start":{"line":12,"column":34},"end":{"line":12,"column":66}},"line":12},"3":{"name":"(anonymous_3)","decl":{"start":{"line":14,"column":17},"end":{"line":14,"column":18}},"loc":{"start":{"line":14,"column":34},"end":{"line":18,"column":7}},"line":14},"4":{"name":"(anonymous_4)","decl":{"start":{"line":22,"column":12},"end":{"line":22,"column":13}},"loc":{"start":{"line":22,"column":18},"end":{"line":24,"column":3}},"line":22}},"branchMap":{"0":{"loc":{"start":{"line":5,"column":46},"end":{"line":5,"column":59}},"type":"default-arg","locations":[{"start":{"line":5,"column":54},"end":{"line":5,"column":59}}],"line":5},"1":{"loc":{"start":{"line":6,"column":4},"end":{"line":19,"column":5}},"type":"if","locations":[{"start":{"line":6,"column":4},"end":{"line":19,"column":5}},{"start":{"line":13,"column":11},"end":{"line":19,"column":5}}],"line":6},"2":{"loc":{"start":{"line":7,"column":6},"end":{"line":10,"column":25}},"type":"binary-expr","locations":[{"start":{"line":7,"column":6},"end":{"line":7,"column":21}},{"start":{"line":8,"column":6},"end":{"line":8,"column":18}},{"start":{"line":9,"column":6},"end":{"line":9,"column":20}},{"start":{"line":10,"column":6},"end":{"line":10,"column":25}}],"line":7}},"s":{"0":0,"1":0,"2":0,"3":0,"4":0,"5":0,"6":0,"7":0,"8":0,"9":0},"f":{"0":0,"1":0,"2":0,"3":0,"4":0},"b":{"0":[0],"1":[0,0],"2":[0,0,0,0]}}
,"D:\\Development\\Frontend Development\\Turorial\\mobx-tutorial\\src\\layout\\index.tsx": {"path":"D:\\Development\\Frontend Development\\Turorial\\mobx-tutorial\\src\\layout\\index.tsx","statementMap":{"0":{"start":{"line":3,"column":18},"end":{"line":3,"column":28}},"1":{"start":{"line":4,"column":35},"end":{"line":4,"column":41}},"2":{"start":{"line":6,"column":19},"end":{"line":25,"column":1}},"3":{"start":{"line":7,"column":2},"end":{"line":24,"column":4}}},"fnMap":{"0":{"name":"(anonymous_0)","decl":{"start":{"line":6,"column":19},"end":{"line":6,"column":20}},"loc":{"start":{"line":6,"column":25},"end":{"line":25,"column":1}},"line":6}},"branchMap":{},"s":{"0":0,"1":0,"2":0,"3":0},"f":{"0":0},"b":{}}
,"D:\\Development\\Frontend Development\\Turorial\\mobx-tutorial\\src\\models\\User.tsx": {"path":"D:\\Development\\Frontend Development\\Turorial\\mobx-tutorial\\src\\models\\User.tsx","statementMap":{},"fnMap":{},"branchMap":{},"s":{},"f":{},"b":{}}
,"D:\\Development\\Frontend Development\\Turorial\\mobx-tutorial\\src\\pages\\UserList\\EditableCell.tsx": {"path":"D:\\Development\\Frontend Development\\Turorial\\mobx-tutorial\\src\\pages\\UserList\\EditableCell.tsx","statementMap":{"0":{"start":{"line":14,"column":21},"end":{"line":46,"column":1}},"1":{"start":{"line":24,"column":20},"end":{"line":24,"column":136}},"2":{"start":{"line":26,"column":2},"end":{"line":45,"column":4}}},"fnMap":{"0":{"name":"(anonymous_0)","decl":{"start":{"line":14,"column":21},"end":{"line":14,"column":22}},"loc":{"start":{"line":23,"column":24},"end":{"line":46,"column":1}},"line":23}},"branchMap":{"0":{"loc":{"start":{"line":24,"column":20},"end":{"line":24,"column":136}},"type":"cond-expr","locations":[{"start":{"line":24,"column":45},"end":{"line":24,"column":104}},{"start":{"line":24,"column":107},"end":{"line":24,"column":136}}],"line":24},"1":{"loc":{"start":{"line":28,"column":7},"end":{"line":43,"column":7}},"type":"cond-expr","locations":[{"start":{"line":29,"column":8},"end":{"line":40,"column":20}},{"start":{"line":42,"column":8},"end":{"line":42,"column":16}}],"line":28}},"s":{"0":0,"1":0,"2":0},"f":{"0":0},"b":{"0":[0,0],"1":[0,0]}}
,"D:\\Development\\Frontend Development\\Turorial\\mobx-tutorial\\src\\pages\\UserList\\index.tsx": {"path":"D:\\Development\\Frontend Development\\Turorial\\mobx-tutorial\\src\\pages\\UserList\\index.tsx","statementMap":{"0":{"start":{"line":11,"column":14},"end":{"line":206,"column":1}},"1":{"start":{"line":12,"column":24},"end":{"line":12,"column":34}},"2":{"start":{"line":13,"column":17},"end":{"line":13,"column":38}},"3":{"start":{"line":14,"column":38},"end":{"line":14,"column":67}},"4":{"start":{"line":15,"column":44},"end":{"line":15,"column":68}},"5":{"start":{"line":17,"column":20},"end":{"line":17,"column":59}},"6":{"start":{"line":17,"column":37},"end":{"line":17,"column":59}},"7":{"start":{"line":19,"column":25},"end":{"line":33,"column":3}},"8":{"start":{"line":20,"column":4},"end":{"line":27,"column":7}},"9":{"start":{"line":28,"column":4},"end":{"line":30,"column":5}},"10":{"start":{"line":29,"column":6},"end":{"line":29,"column":52}},"11":{"start":{"line":31,"column":4},"end":{"line":31,"column":27}},"12":{"start":{"line":32,"column":4},"end":{"line":32,"column":27}},"13":{"start":{"line":35,"column":26},"end":{"line":39,"column":3}},"14":{"start":{"line":36,"column":4},"end":{"line":36,"column":24}},"15":{"start":{"line":37,"column":4},"end":{"line":37,"column":28}},"16":{"start":{"line":38,"column":4},"end":{"line":38,"column":62}},"17":{"start":{"line":41,"column":21},"end":{"line":56,"column":3}},"18":{"start":{"line":42,"column":16},"end":{"line":42,"column":54}},"19":{"start":{"line":43,"column":25},"end":{"line":43,"column":44}},"20":{"start":{"line":44,"column":4},"end":{"line":53,"column":5}},"21":{"start":{"line":45,"column":6},"end":{"line":45,"column":56}},"22":{"start":{"line":46,"column":6},"end":{"line":48,"column":55}},"23":{"start":{"line":48,"column":20},"end":{"line":48,"column":53}},"24":{"start":{"line":50,"column":6},"end":{"line":52,"column":55}},"25":{"start":{"line":52,"column":20},"end":{"line":52,"column":53}},"26":{"start":{"line":54,"column":4},"end":{"line":54,"column":24}},"27":{"start":{"line":55,"column":4},"end":{"line":55,"column":28}},"28":{"start":{"line":58,"column":19},"end":{"line":62,"column":3}},"29":{"start":{"line":59,"column":4},"end":{"line":61,"column":62}},"30":{"start":{"line":61,"column":18},"end":{"line":61,"column":60}},"31":{"start":{"line":64,"column":18},"end":{"line":138,"column":3}},"32":{"start":{"line":69,"column":38},"end":{"line":69,"column":49}},"33":{"start":{"line":76,"column":38},"end":{"line":76,"column":49}},"34":{"start":{"line":83,"column":38},"end":{"line":83,"column":49}},"35":{"start":{"line":90,"column":38},"end":{"line":90,"column":49}},"36":{"start":{"line":97,"column":38},"end":{"line":97,"column":49}},"37":{"start":{"line":106,"column":25},"end":{"line":106,"column":40}},"38":{"start":{"line":107,"column":8},"end":{"line":135,"column":10}},"39":{"start":{"line":111,"column":29},"end":{"line":111,"column":45}},"40":{"start":{"line":123,"column":29},"end":{"line":123,"column":49}},"41":{"start":{"line":129,"column":29},"end":{"line":129,"column":46}},"42":{"start":{"line":140,"column":24},"end":{"line":154,"column":4}},"43":{"start":{"line":141,"column":4},"end":{"line":143,"column":5}},"44":{"start":{"line":142,"column":6},"end":{"line":142,"column":17}},"45":{"start":{"line":144,"column":4},"end":{"line":153,"column":6}},"46":{"start":{"line":146,"column":32},"end":{"line":152,"column":7}},"47":{"start":{"line":156,"column":50},"end":{"line":175,"column":3}},"48":{"start":{"line":162,"column":4},"end":{"line":162,"column":62}},"49":{"start":{"line":163,"column":4},"end":{"line":168,"column":5}},"50":{"start":{"line":164,"column":6},"end":{"line":167,"column":9}},"51":{"start":{"line":169,"column":4},"end":{"line":174,"column":5}},"52":{"start":{"line":170,"column":6},"end":{"line":173,"column":9}},"53":{"start":{"line":177,"column":2},"end":{"line":205,"column":4}},"54":{"start":{"line":182,"column":25},"end":{"line":182,"column":60}}},"fnMap":{"0":{"name":"(anonymous_0)","decl":{"start":{"line":11,"column":14},"end":{"line":11,"column":15}},"loc":{"start":{"line":11,"column":20},"end":{"line":206,"column":1}},"line":11},"1":{"name":"(anonymous_1)","decl":{"start":{"line":17,"column":20},"end":{"line":17,"column":21}},"loc":{"start":{"line":17,"column":37},"end":{"line":17,"column":59}},"line":17},"2":{"name":"(anonymous_2)","decl":{"start":{"line":19,"column":25},"end":{"line":19,"column":26}},"loc":{"start":{"line":19,"column":68},"end":{"line":33,"column":3}},"line":19},"3":{"name":"(anonymous_3)","decl":{"start":{"line":35,"column":26},"end":{"line":35,"column":27}},"loc":{"start":{"line":35,"column":32},"end":{"line":39,"column":3}},"line":35},"4":{"name":"(anonymous_4)","decl":{"start":{"line":41,"column":21},"end":{"line":41,"column":22}},"loc":{"start":{"line":41,"column":44},"end":{"line":56,"column":3}},"line":41},"5":{"name":"(anonymous_5)","decl":{"start":{"line":48,"column":14},"end":{"line":48,"column":15}},"loc":{"start":{"line":48,"column":20},"end":{"line":48,"column":53}},"line":48},"6":{"name":"(anonymous_6)","decl":{"start":{"line":52,"column":14},"end":{"line":52,"column":15}},"loc":{"start":{"line":52,"column":20},"end":{"line":52,"column":53}},"line":52},"7":{"name":"(anonymous_7)","decl":{"start":{"line":58,"column":19},"end":{"line":58,"column":20}},"loc":{"start":{"line":58,"column":35},"end":{"line":62,"column":3}},"line":58},"8":{"name":"(anonymous_8)","decl":{"start":{"line":61,"column":12},"end":{"line":61,"column":13}},"loc":{"start":{"line":61,"column":18},"end":{"line":61,"column":60}},"line":61},"9":{"name":"(anonymous_9)","decl":{"start":{"line":69,"column":14},"end":{"line":69,"column":15}},"loc":{"start":{"line":69,"column":38},"end":{"line":69,"column":49}},"line":69},"10":{"name":"(anonymous_10)","decl":{"start":{"line":76,"column":14},"end":{"line":76,"column":15}},"loc":{"start":{"line":76,"column":38},"end":{"line":76,"column":49}},"line":76},"11":{"name":"(anonymous_11)","decl":{"start":{"line":83,"column":14},"end":{"line":83,"column":15}},"loc":{"start":{"line":83,"column":38},"end":{"line":83,"column":49}},"line":83},"12":{"name":"(anonymous_12)","decl":{"start":{"line":90,"column":14},"end":{"line":90,"column":15}},"loc":{"start":{"line":90,"column":38},"end":{"line":90,"column":49}},"line":90},"13":{"name":"(anonymous_13)","decl":{"start":{"line":97,"column":14},"end":{"line":97,"column":15}},"loc":{"start":{"line":97,"column":38},"end":{"line":97,"column":49}},"line":97},"14":{"name":"(anonymous_14)","decl":{"start":{"line":105,"column":14},"end":{"line":105,"column":15}},"loc":{"start":{"line":105,"column":41},"end":{"line":136,"column":7}},"line":105},"15":{"name":"(anonymous_15)","decl":{"start":{"line":111,"column":23},"end":{"line":111,"column":24}},"loc":{"start":{"line":111,"column":29},"end":{"line":111,"column":45}},"line":111},"16":{"name":"(anonymous_16)","decl":{"start":{"line":123,"column":23},"end":{"line":123,"column":24}},"loc":{"start":{"line":123,"column":29},"end":{"line":123,"column":49}},"line":123},"17":{"name":"(anonymous_17)","decl":{"start":{"line":129,"column":23},"end":{"line":129,"column":24}},"loc":{"start":{"line":129,"column":29},"end":{"line":129,"column":46}},"line":129},"18":{"name":"(anonymous_18)","decl":{"start":{"line":140,"column":36},"end":{"line":140,"column":37}},"loc":{"start":{"line":140,"column":45},"end":{"line":154,"column":3}},"line":140},"19":{"name":"(anonymous_19)","decl":{"start":{"line":146,"column":14},"end":{"line":146,"column":15}},"loc":{"start":{"line":146,"column":32},"end":{"line":152,"column":7}},"line":146},"20":{"name":"(anonymous_20)","decl":{"start":{"line":156,"column":50},"end":{"line":156,"column":51}},"loc":{"start":{"line":161,"column":7},"end":{"line":175,"column":3}},"line":161},"21":{"name":"(anonymous_21)","decl":{"start":{"line":182,"column":19},"end":{"line":182,"column":20}},"loc":{"start":{"line":182,"column":25},"end":{"line":182,"column":60}},"line":182}},"branchMap":{"0":{"loc":{"start":{"line":28,"column":4},"end":{"line":30,"column":5}},"type":"if","locations":[{"start":{"line":28,"column":4},"end":{"line":30,"column":5}},{"start":{},"end":{}}],"line":28},"1":{"loc":{"start":{"line":44,"column":4},"end":{"line":53,"column":5}},"type":"if","locations":[{"start":{"line":44,"column":4},"end":{"line":53,"column":5}},{"start":{"line":49,"column":11},"end":{"line":53,"column":5}}],"line":44},"2":{"loc":{"start":{"line":107,"column":15},"end":{"line":135,"column":9}},"type":"cond-expr","locations":[{"start":{"line":108,"column":10},"end":{"line":119,"column":17}},{"start":{"line":121,"column":10},"end":{"line":134,"column":24}}],"line":107},"3":{"loc":{"start":{"line":141,"column":4},"end":{"line":143,"column":5}},"type":"if","locations":[{"start":{"line":141,"column":4},"end":{"line":143,"column":5}},{"start":{},"end":{}}],"line":141},"4":{"loc":{"start":{"line":163,"column":4},"end":{"line":168,"column":5}},"type":"if","locations":[{"start":{"line":163,"column":4},"end":{"line":168,"column":5}},{"start":{},"end":{}}],"line":163},"5":{"loc":{"start":{"line":169,"column":4},"end":{"line":174,"column":5}},"type":"if","locations":[{"start":{"line":169,"column":4},"end":{"line":174,"column":5}},{"start":{},"end":{}}],"line":169},"6":{"loc":{"start":{"line":172,"column":16},"end":{"line":172,"column":58}},"type":"cond-expr","locations":[{"start":{"line":172,"column":44},"end":{"line":172,"column":49}},{"start":{"line":172,"column":52},"end":{"line":172,"column":58}}],"line":172}},"s":{"0":0,"1":0,"2":0,"3":0,"4":0,"5":0,"6":0,"7":0,"8":0,"9":0,"10":0,"11":0,"12":0,"13":0,"14":0,"15":0,"16":0,"17":0,"18":0,"19":0,"20":0,"21":0,"22":0,"23":0,"24":0,"25":0,"26":0,"27":0,"28":0,"29":0,"30":0,"31":0,"32":0,"33":0,"34":0,"35":0,"36":0,"37":0,"38":0,"39":0,"40":0,"41":0,"42":0,"43":0,"44":0,"45":0,"46":0,"47":0,"48":0,"49":0,"50":0,"51":0,"52":0,"53":0,"54":0},"f":{"0":0,"1":0,"2":0,"3":0,"4":0,"5":0,"6":0,"7":0,"8":0,"9":0,"10":0,"11":0,"12":0,"13":0,"14":0,"15":0,"16":0,"17":0,"18":0,"19":0,"20":0,"21":0},"b":{"0":[0,0],"1":[0,0],"2":[0,0],"3":[0,0],"4":[0,0],"5":[0,0],"6":[0,0]}}
,"D:\\Development\\Frontend Development\\Turorial\\mobx-tutorial\\src\\services\\UserService.tsx": {"path":"D:\\Development\\Frontend Development\\Turorial\\mobx-tutorial\\src\\services\\UserService.tsx","statementMap":{"0":{"start":{"line":3,"column":17},"end":{"line":3,"column":30}},"1":{"start":{"line":6,"column":12},"end":{"line":13,"column":3}},"2":{"start":{"line":7,"column":20},"end":{"line":9,"column":5}},"3":{"start":{"line":10,"column":20},"end":{"line":10,"column":64}},"4":{"start":{"line":11,"column":21},"end":{"line":11,"column":41}},"5":{"start":{"line":12,"column":4},"end":{"line":12,"column":27}},"6":{"start":{"line":14,"column":8},"end":{"line":21,"column":3}},"7":{"start":{"line":15,"column":20},"end":{"line":17,"column":5}},"8":{"start":{"line":18,"column":20},"end":{"line":18,"column":61}},"9":{"start":{"line":19,"column":21},"end":{"line":19,"column":41}},"10":{"start":{"line":20,"column":4},"end":{"line":20,"column":27}},"11":{"start":{"line":22,"column":9},"end":{"line":33,"column":3}},"12":{"start":{"line":23,"column":20},"end":{"line":23,"column":33}},"13":{"start":{"line":24,"column":4},"end":{"line":24,"column":55}},"14":{"start":{"line":25,"column":18},"end":{"line":29,"column":5}},"15":{"start":{"line":30,"column":20},"end":{"line":30,"column":50}},"16":{"start":{"line":31,"column":21},"end":{"line":31,"column":41}},"17":{"start":{"line":32,"column":4},"end":{"line":32,"column":20}},"18":{"start":{"line":34,"column":8},"end":{"line":45,"column":3}},"19":{"start":{"line":35,"column":20},"end":{"line":35,"column":33}},"20":{"start":{"line":36,"column":4},"end":{"line":36,"column":55}},"21":{"start":{"line":37,"column":18},"end":{"line":41,"column":5}},"22":{"start":{"line":42,"column":20},"end":{"line":42,"column":66}},"23":{"start":{"line":43,"column":21},"end":{"line":43,"column":41}},"24":{"start":{"line":44,"column":4},"end":{"line":44,"column":20}},"25":{"start":{"line":46,"column":11},"end":{"line":56,"column":3}},"26":{"start":{"line":47,"column":20},"end":{"line":47,"column":33}},"27":{"start":{"line":48,"column":4},"end":{"line":48,"column":55}},"28":{"start":{"line":49,"column":20},"end":{"line":52,"column":5}},"29":{"start":{"line":53,"column":20},"end":{"line":53,"column":61}},"30":{"start":{"line":54,"column":21},"end":{"line":54,"column":41}},"31":{"start":{"line":55,"column":4},"end":{"line":55,"column":20}}},"fnMap":{"0":{"name":"(anonymous_0)","decl":{"start":{"line":6,"column":12},"end":{"line":6,"column":13}},"loc":{"start":{"line":6,"column":40},"end":{"line":13,"column":3}},"line":6},"1":{"name":"(anonymous_1)","decl":{"start":{"line":14,"column":8},"end":{"line":14,"column":9}},"loc":{"start":{"line":14,"column":30},"end":{"line":21,"column":3}},"line":14},"2":{"name":"(anonymous_2)","decl":{"start":{"line":22,"column":9},"end":{"line":22,"column":10}},"loc":{"start":{"line":22,"column":32},"end":{"line":33,"column":3}},"line":22},"3":{"name":"(anonymous_3)","decl":{"start":{"line":34,"column":8},"end":{"line":34,"column":9}},"loc":{"start":{"line":34,"column":31},"end":{"line":45,"column":3}},"line":34},"4":{"name":"(anonymous_4)","decl":{"start":{"line":46,"column":11},"end":{"line":46,"column":12}},"loc":{"start":{"line":46,"column":33},"end":{"line":56,"column":3}},"line":46}},"branchMap":{"0":{"loc":{"start":{"line":6,"column":19},"end":{"line":6,"column":35}},"type":"default-arg","locations":[{"start":{"line":6,"column":33},"end":{"line":6,"column":35}}],"line":6}},"s":{"0":0,"1":0,"2":0,"3":0,"4":0,"5":0,"6":0,"7":0,"8":0,"9":0,"10":0,"11":0,"12":0,"13":0,"14":0,"15":0,"16":0,"17":0,"18":0,"19":0,"20":0,"21":0,"22":0,"23":0,"24":0,"25":0,"26":0,"27":0,"28":0,"29":0,"30":0,"31":0},"f":{"0":0,"1":0,"2":0,"3":0,"4":0},"b":{"0":[0]}}
,"D:\\Development\\Frontend Development\\Turorial\\mobx-tutorial\\src\\services\\api.tsx": {"path":"D:\\Development\\Frontend Development\\Turorial\\mobx-tutorial\\src\\services\\api.tsx","statementMap":{"0":{"start":{"line":1,"column":19},"end":{"line":1,"column":43}}},"fnMap":{},"branchMap":{},"s":{"0":0},"f":{},"b":{}}
,"D:\\Development\\Frontend Development\\Turorial\\mobx-tutorial\\src\\store\\BaseStore.tsx": {"path":"D:\\Development\\Frontend Development\\Turorial\\mobx-tutorial\\src\\store\\BaseStore.tsx","statementMap":{},"fnMap":{},"branchMap":{},"s":{},"f":{},"b":{}}
,"D:\\Development\\Frontend Development\\Turorial\\mobx-tutorial\\src\\store\\UserStore.tsx": {"path":"D:\\Development\\Frontend Development\\Turorial\\mobx-tutorial\\src\\store\\UserStore.tsx","statementMap":{"0":{"start":{"line":9,"column":19},"end":{"line":9,"column":21}},"1":{"start":{"line":11,"column":18},"end":{"line":11,"column":19}},"2":{"start":{"line":12,"column":19},"end":{"line":12,"column":28}},"3":{"start":{"line":13,"column":25},"end":{"line":13,"column":27}},"4":{"start":{"line":16,"column":4},"end":{"line":16,"column":41}},"5":{"start":{"line":17,"column":4},"end":{"line":17,"column":29}},"6":{"start":{"line":25,"column":4},"end":{"line":25,"column":51}},"7":{"start":{"line":26,"column":4},"end":{"line":26,"column":37}},"8":{"start":{"line":27,"column":4},"end":{"line":27,"column":30}},"9":{"start":{"line":30,"column":25},"end":{"line":42,"column":3}},"10":{"start":{"line":31,"column":4},"end":{"line":35,"column":5}},"11":{"start":{"line":32,"column":6},"end":{"line":34,"column":9}},"12":{"start":{"line":33,"column":8},"end":{"line":33,"column":43}},"13":{"start":{"line":36,"column":4},"end":{"line":41,"column":5}},"14":{"start":{"line":37,"column":6},"end":{"line":40,"column":9}},"15":{"start":{"line":38,"column":25},"end":{"line":38,"column":68}},"16":{"start":{"line":38,"column":53},"end":{"line":38,"column":67}},"17":{"start":{"line":39,"column":8},"end":{"line":39,"column":30}},"18":{"start":{"line":44,"column":23},"end":{"line":55,"column":3}},"19":{"start":{"line":45,"column":4},"end":{"line":54,"column":5}},"20":{"start":{"line":46,"column":19},"end":{"line":46,"column":51}},"21":{"start":{"line":47,"column":6},"end":{"line":49,"column":9}},"22":{"start":{"line":48,"column":8},"end":{"line":48,"column":34}},"23":{"start":{"line":51,"column":6},"end":{"line":53,"column":9}},"24":{"start":{"line":52,"column":8},"end":{"line":52,"column":30}},"25":{"start":{"line":57,"column":18},"end":{"line":69,"column":3}},"26":{"start":{"line":58,"column":4},"end":{"line":68,"column":5}},"27":{"start":{"line":59,"column":20},"end":{"line":59,"column":48}},"28":{"start":{"line":60,"column":19},"end":{"line":60,"column":56}},"29":{"start":{"line":61,"column":6},"end":{"line":63,"column":9}},"30":{"start":{"line":62,"column":8},"end":{"line":62,"column":26}},"31":{"start":{"line":65,"column":6},"end":{"line":67,"column":9}},"32":{"start":{"line":66,"column":8},"end":{"line":66,"column":30}},"33":{"start":{"line":70,"column":17},"end":{"line":81,"column":3}},"34":{"start":{"line":71,"column":4},"end":{"line":80,"column":5}},"35":{"start":{"line":72,"column":19},"end":{"line":72,"column":49}},"36":{"start":{"line":73,"column":6},"end":{"line":75,"column":9}},"37":{"start":{"line":74,"column":8},"end":{"line":74,"column":25}},"38":{"start":{"line":77,"column":6},"end":{"line":79,"column":9}},"39":{"start":{"line":78,"column":8},"end":{"line":78,"column":30}},"40":{"start":{"line":82,"column":20},"end":{"line":95,"column":3}},"41":{"start":{"line":83,"column":4},"end":{"line":94,"column":5}},"42":{"start":{"line":84,"column":23},"end":{"line":84,"column":56}},"43":{"start":{"line":85,"column":6},"end":{"line":89,"column":7}},"44":{"start":{"line":86,"column":8},"end":{"line":88,"column":11}},"45":{"start":{"line":87,"column":10},"end":{"line":87,"column":34}},"46":{"start":{"line":91,"column":6},"end":{"line":93,"column":9}},"47":{"start":{"line":92,"column":8},"end":{"line":92,"column":30}},"48":{"start":{"line":96,"column":20},"end":{"line":109,"column":3}},"49":{"start":{"line":97,"column":4},"end":{"line":108,"column":5}},"50":{"start":{"line":98,"column":23},"end":{"line":98,"column":55}},"51":{"start":{"line":99,"column":6},"end":{"line":103,"column":7}},"52":{"start":{"line":100,"column":8},"end":{"line":102,"column":11}},"53":{"start":{"line":101,"column":10},"end":{"line":101,"column":34}},"54":{"start":{"line":105,"column":6},"end":{"line":107,"column":9}},"55":{"start":{"line":106,"column":8},"end":{"line":106,"column":30}},"56":{"start":{"line":110,"column":20},"end":{"line":123,"column":3}},"57":{"start":{"line":111,"column":4},"end":{"line":122,"column":5}},"58":{"start":{"line":112,"column":23},"end":{"line":112,"column":56}},"59":{"start":{"line":113,"column":6},"end":{"line":117,"column":7}},"60":{"start":{"line":114,"column":8},"end":{"line":116,"column":11}},"61":{"start":{"line":115,"column":10},"end":{"line":115,"column":34}},"62":{"start":{"line":119,"column":6},"end":{"line":121,"column":9}},"63":{"start":{"line":120,"column":8},"end":{"line":120,"column":30}}},"fnMap":{"0":{"name":"(anonymous_0)","decl":{"start":{"line":15,"column":2},"end":{"line":15,"column":3}},"loc":{"start":{"line":15,"column":16},"end":{"line":18,"column":3}},"line":15},"1":{"name":"(anonymous_1)","decl":{"start":{"line":19,"column":2},"end":{"line":19,"column":3}},"loc":{"start":{"line":24,"column":4},"end":{"line":28,"column":3}},"line":24},"2":{"name":"(anonymous_2)","decl":{"start":{"line":30,"column":25},"end":{"line":30,"column":26}},"loc":{"start":{"line":30,"column":67},"end":{"line":42,"column":3}},"line":30},"3":{"name":"(anonymous_3)","decl":{"start":{"line":32,"column":18},"end":{"line":32,"column":19}},"loc":{"start":{"line":32,"column":24},"end":{"line":34,"column":7}},"line":32},"4":{"name":"(anonymous_4)","decl":{"start":{"line":37,"column":18},"end":{"line":37,"column":19}},"loc":{"start":{"line":37,"column":24},"end":{"line":40,"column":7}},"line":37},"5":{"name":"(anonymous_5)","decl":{"start":{"line":38,"column":43},"end":{"line":38,"column":44}},"loc":{"start":{"line":38,"column":53},"end":{"line":38,"column":67}},"line":38},"6":{"name":"(anonymous_6)","decl":{"start":{"line":44,"column":23},"end":{"line":44,"column":24}},"loc":{"start":{"line":44,"column":35},"end":{"line":55,"column":3}},"line":44},"7":{"name":"(anonymous_7)","decl":{"start":{"line":47,"column":18},"end":{"line":47,"column":19}},"loc":{"start":{"line":47,"column":24},"end":{"line":49,"column":7}},"line":47},"8":{"name":"(anonymous_8)","decl":{"start":{"line":51,"column":18},"end":{"line":51,"column":19}},"loc":{"start":{"line":51,"column":24},"end":{"line":53,"column":7}},"line":51},"9":{"name":"(anonymous_9)","decl":{"start":{"line":57,"column":18},"end":{"line":57,"column":19}},"loc":{"start":{"line":57,"column":51},"end":{"line":69,"column":3}},"line":57},"10":{"name":"(anonymous_10)","decl":{"start":{"line":61,"column":18},"end":{"line":61,"column":19}},"loc":{"start":{"line":61,"column":24},"end":{"line":63,"column":7}},"line":61},"11":{"name":"(anonymous_11)","decl":{"start":{"line":65,"column":18},"end":{"line":65,"column":19}},"loc":{"start":{"line":65,"column":24},"end":{"line":67,"column":7}},"line":65},"12":{"name":"(anonymous_12)","decl":{"start":{"line":70,"column":17},"end":{"line":70,"column":18}},"loc":{"start":{"line":70,"column":39},"end":{"line":81,"column":3}},"line":70},"13":{"name":"(anonymous_13)","decl":{"start":{"line":73,"column":18},"end":{"line":73,"column":19}},"loc":{"start":{"line":73,"column":24},"end":{"line":75,"column":7}},"line":73},"14":{"name":"(anonymous_14)","decl":{"start":{"line":77,"column":18},"end":{"line":77,"column":19}},"loc":{"start":{"line":77,"column":24},"end":{"line":79,"column":7}},"line":77},"15":{"name":"(anonymous_15)","decl":{"start":{"line":82,"column":20},"end":{"line":82,"column":21}},"loc":{"start":{"line":82,"column":43},"end":{"line":95,"column":3}},"line":82},"16":{"name":"(anonymous_16)","decl":{"start":{"line":86,"column":20},"end":{"line":86,"column":21}},"loc":{"start":{"line":86,"column":26},"end":{"line":88,"column":9}},"line":86},"17":{"name":"(anonymous_17)","decl":{"start":{"line":91,"column":18},"end":{"line":91,"column":19}},"loc":{"start":{"line":91,"column":24},"end":{"line":93,"column":7}},"line":91},"18":{"name":"(anonymous_18)","decl":{"start":{"line":96,"column":20},"end":{"line":96,"column":21}},"loc":{"start":{"line":96,"column":43},"end":{"line":109,"column":3}},"line":96},"19":{"name":"(anonymous_19)","decl":{"start":{"line":100,"column":20},"end":{"line":100,"column":21}},"loc":{"start":{"line":100,"column":26},"end":{"line":102,"column":9}},"line":100},"20":{"name":"(anonymous_20)","decl":{"start":{"line":105,"column":18},"end":{"line":105,"column":19}},"loc":{"start":{"line":105,"column":24},"end":{"line":107,"column":7}},"line":105},"21":{"name":"(anonymous_21)","decl":{"start":{"line":110,"column":20},"end":{"line":110,"column":21}},"loc":{"start":{"line":110,"column":42},"end":{"line":123,"column":3}},"line":110},"22":{"name":"(anonymous_22)","decl":{"start":{"line":114,"column":20},"end":{"line":114,"column":21}},"loc":{"start":{"line":114,"column":26},"end":{"line":116,"column":9}},"line":114},"23":{"name":"(anonymous_23)","decl":{"start":{"line":119,"column":18},"end":{"line":119,"column":19}},"loc":{"start":{"line":119,"column":24},"end":{"line":121,"column":7}},"line":119}},"branchMap":{"0":{"loc":{"start":{"line":20,"column":4},"end":{"line":23,"column":5}},"type":"default-arg","locations":[{"start":{"line":20,"column":27},"end":{"line":23,"column":5}}],"line":20},"1":{"loc":{"start":{"line":30,"column":39},"end":{"line":30,"column":62}},"type":"default-arg","locations":[{"start":{"line":30,"column":57},"end":{"line":30,"column":62}}],"line":30},"2":{"loc":{"start":{"line":31,"column":4},"end":{"line":35,"column":5}},"type":"if","locations":[{"start":{"line":31,"column":4},"end":{"line":35,"column":5}},{"start":{},"end":{}}],"line":31},"3":{"loc":{"start":{"line":36,"column":4},"end":{"line":41,"column":5}},"type":"if","locations":[{"start":{"line":36,"column":4},"end":{"line":41,"column":5}},{"start":{},"end":{}}],"line":36},"4":{"loc":{"start":{"line":85,"column":6},"end":{"line":89,"column":7}},"type":"if","locations":[{"start":{"line":85,"column":6},"end":{"line":89,"column":7}},{"start":{},"end":{}}],"line":85},"5":{"loc":{"start":{"line":99,"column":6},"end":{"line":103,"column":7}},"type":"if","locations":[{"start":{"line":99,"column":6},"end":{"line":103,"column":7}},{"start":{},"end":{}}],"line":99},"6":{"loc":{"start":{"line":113,"column":6},"end":{"line":117,"column":7}},"type":"if","locations":[{"start":{"line":113,"column":6},"end":{"line":117,"column":7}},{"start":{},"end":{}}],"line":113}},"s":{"0":0,"1":0,"2":0,"3":0,"4":0,"5":0,"6":0,"7":0,"8":0,"9":0,"10":0,"11":0,"12":0,"13":0,"14":0,"15":0,"16":0,"17":0,"18":0,"19":0,"20":0,"21":0,"22":0,"23":0,"24":0,"25":0,"26":0,"27":0,"28":0,"29":0,"30":0,"31":0,"32":0,"33":0,"34":0,"35":0,"36":0,"37":0,"38":0,"39":0,"40":0,"41":0,"42":0,"43":0,"44":0,"45":0,"46":0,"47":0,"48":0,"49":0,"50":0,"51":0,"52":0,"53":0,"54":0,"55":0,"56":0,"57":0,"58":0,"59":0,"60":0,"61":0,"62":0,"63":0},"f":{"0":0,"1":0,"2":0,"3":0,"4":0,"5":0,"6":0,"7":0,"8":0,"9":0,"10":0,"11":0,"12":0,"13":0,"14":0,"15":0,"16":0,"17":0,"18":0,"19":0,"20":0,"21":0,"22":0,"23":0},"b":{"0":[0],"1":[0],"2":[0,0],"3":[0,0],"4":[0,0],"5":[0,0],"6":[0,0]}}
,"D:\\Development\\Frontend Development\\Turorial\\mobx-tutorial\\src\\store\\index.tsx": {"path":"D:\\Development\\Frontend Development\\Turorial\\mobx-tutorial\\src\\store\\index.tsx","statementMap":{"0":{"start":{"line":9,"column":4},"end":{"line":9,"column":29}},"1":{"start":{"line":10,"column":4},"end":{"line":10,"column":37}},"2":{"start":{"line":11,"column":4},"end":{"line":11,"column":26}},"3":{"start":{"line":20,"column":28},"end":{"line":20,"column":69}},"4":{"start":{"line":22,"column":29},"end":{"line":24,"column":1}},"5":{"start":{"line":23,"column":2},"end":{"line":23,"column":73}},"6":{"start":{"line":26,"column":24},"end":{"line":28,"column":1}},"7":{"start":{"line":27,"column":2},"end":{"line":27,"column":45}}},"fnMap":{"0":{"name":"(anonymous_0)","decl":{"start":{"line":8,"column":2},"end":{"line":8,"column":3}},"loc":{"start":{"line":8,"column":16},"end":{"line":12,"column":3}},"line":8},"1":{"name":"(anonymous_1)","decl":{"start":{"line":22,"column":29},"end":{"line":22,"column":30}},"loc":{"start":{"line":23,"column":2},"end":{"line":23,"column":73}},"line":23},"2":{"name":"(anonymous_2)","decl":{"start":{"line":26,"column":24},"end":{"line":26,"column":25}},"loc":{"start":{"line":26,"column":30},"end":{"line":28,"column":1}},"line":26}},"branchMap":{},"s":{"0":0,"1":0,"2":0,"3":0,"4":0,"5":0,"6":0,"7":0},"f":{"0":0,"1":0,"2":0},"b":{}}
,"D:\\Development\\Frontend Development\\Turorial\\mobx-tutorial\\src\\utils\\filterQueryResolver.tsx": {"path":"D:\\Development\\Frontend Development\\Turorial\\mobx-tutorial\\src\\utils\\filterQueryResolver.tsx","statementMap":{"0":{"start":{"line":2,"column":14},"end":{"line":2,"column":16}},"1":{"start":{"line":4,"column":2},"end":{"line":6,"column":3}},"2":{"start":{"line":5,"column":4},"end":{"line":5,"column":17}},"3":{"start":{"line":8,"column":2},"end":{"line":36,"column":5}},"4":{"start":{"line":9,"column":19},"end":{"line":9,"column":32}},"5":{"start":{"line":11,"column":4},"end":{"line":28,"column":5}},"6":{"start":{"line":12,"column":25},"end":{"line":18,"column":12}},"7":{"start":{"line":13,"column":8},"end":{"line":16,"column":63}},"8":{"start":{"line":17,"column":8},"end":{"line":17,"column":25}},"9":{"start":{"line":20,"column":6},"end":{"line":26,"column":7}},"10":{"start":{"line":21,"column":8},"end":{"line":25,"column":9}},"11":{"start":{"line":22,"column":10},"end":{"line":22,"column":36}},"12":{"start":{"line":24,"column":10},"end":{"line":24,"column":35}},"13":{"start":{"line":27,"column":6},"end":{"line":27,"column":13}},"14":{"start":{"line":30,"column":4},"end":{"line":32,"column":5}},"15":{"start":{"line":31,"column":6},"end":{"line":31,"column":64}},"16":{"start":{"line":33,"column":4},"end":{"line":35,"column":5}},"17":{"start":{"line":34,"column":6},"end":{"line":34,"column":65}},"18":{"start":{"line":38,"column":2},"end":{"line":38,"column":15}}},"fnMap":{"0":{"name":"filterQueryResolver","decl":{"start":{"line":1,"column":16},"end":{"line":1,"column":35}},"loc":{"start":{"line":1,"column":50},"end":{"line":39,"column":1}},"line":1},"1":{"name":"(anonymous_1)","decl":{"start":{"line":8,"column":31},"end":{"line":8,"column":32}},"loc":{"start":{"line":8,"column":41},"end":{"line":36,"column":3}},"line":8},"2":{"name":"(anonymous_2)","decl":{"start":{"line":12,"column":39},"end":{"line":12,"column":40}},"loc":{"start":{"line":12,"column":68},"end":{"line":18,"column":7}},"line":12}},"branchMap":{"0":{"loc":{"start":{"line":4,"column":2},"end":{"line":6,"column":3}},"type":"if","locations":[{"start":{"line":4,"column":2},"end":{"line":6,"column":3}},{"start":{},"end":{}}],"line":4},"1":{"loc":{"start":{"line":11,"column":4},"end":{"line":28,"column":5}},"type":"if","locations":[{"start":{"line":11,"column":4},"end":{"line":28,"column":5}},{"start":{},"end":{}}],"line":11},"2":{"loc":{"start":{"line":14,"column":10},"end":{"line":16,"column":62}},"type":"cond-expr","locations":[{"start":{"line":15,"column":14},"end":{"line":15,"column":61}},{"start":{"line":16,"column":14},"end":{"line":16,"column":62}}],"line":14},"3":{"loc":{"start":{"line":20,"column":6},"end":{"line":26,"column":7}},"type":"if","locations":[{"start":{"line":20,"column":6},"end":{"line":26,"column":7}},{"start":{},"end":{}}],"line":20},"4":{"loc":{"start":{"line":21,"column":8},"end":{"line":25,"column":9}},"type":"if","locations":[{"start":{"line":21,"column":8},"end":{"line":25,"column":9}},{"start":{"line":23,"column":15},"end":{"line":25,"column":9}}],"line":21},"5":{"loc":{"start":{"line":30,"column":4},"end":{"line":32,"column":5}},"type":"if","locations":[{"start":{"line":30,"column":4},"end":{"line":32,"column":5}},{"start":{},"end":{}}],"line":30},"6":{"loc":{"start":{"line":30,"column":8},"end":{"line":30,"column":48}},"type":"binary-expr","locations":[{"start":{"line":30,"column":9},"end":{"line":30,"column":15}},{"start":{"line":30,"column":19},"end":{"line":30,"column":31}},{"start":{"line":30,"column":36},"end":{"line":30,"column":48}}],"line":30},"7":{"loc":{"start":{"line":33,"column":4},"end":{"line":35,"column":5}},"type":"if","locations":[{"start":{"line":33,"column":4},"end":{"line":35,"column":5}},{"start":{},"end":{}}],"line":33},"8":{"loc":{"start":{"line":33,"column":8},"end":{"line":33,"column":48}},"type":"binary-expr","locations":[{"start":{"line":33,"column":9},"end":{"line":33,"column":15}},{"start":{"line":33,"column":19},"end":{"line":33,"column":31}},{"start":{"line":33,"column":36},"end":{"line":33,"column":48}}],"line":33}},"s":{"0":0,"1":0,"2":0,"3":0,"4":0,"5":0,"6":0,"7":0,"8":0,"9":0,"10":0,"11":0,"12":0,"13":0,"14":0,"15":0,"16":0,"17":0,"18":0},"f":{"0":0,"1":0,"2":0},"b":{"0":[0,0],"1":[0,0],"2":[0,0],"3":[0,0],"4":[0,0],"5":[0,0],"6":[0,0,0],"7":[0,0],"8":[0,0,0]}}
}
